<?xml version="1.0" encoding="UTF-8"?>
<!-- Generated by org.testng.reporters.JUnitReportReporter -->
<testsuite hostname="DESKTOP-OEOAVAG" failures="0" tests="1" name="testCases.firstClass" time="45.646" errors="0" timestamp="2024-11-29T21:54:59 IST" skipped="0">
  <testcase classname="testCases.firstClass" name="firstname" time="45.646"/>
</testsuite> <!-- testCases.firstClass -->
