<?xml version="1.0" encoding="UTF-8"?>
<!-- Generated by org.testng.reporters.JUnitReportReporter -->
<testsuite hostname="DESKTOP-OEOAVAG" failures="0" tests="1" name="testCases.TC_002_LoginTest" time="1.675" errors="0" timestamp="2024-12-30T22:54:42 IST" skipped="0">
  <testcase classname="testCases.TC_002_LoginTest" name="verifyLogin" time="1.675"/>
</testsuite> <!-- testCases.TC_002_LoginTest -->
