<?xml version="1.0" encoding="UTF-8"?>
<!-- Generated by org.testng.reporters.JUnitReportReporter -->
<testsuite hostname="DESKTOP-OEOAVAG" failures="0" tests="1" name="testcases.firstClass" time="0.029" errors="0" timestamp="2024-08-05T19:56:24 IST" skipped="0">
  <testcase classname="testcases.firstClass" name="runner" time="0.029"/>
</testsuite> <!-- testcases.firstClass -->
