<?xml version="1.0" encoding="UTF-8"?>
<!-- Generated by org.testng.reporters.JUnitReportReporter -->
<testsuite hostname="DESKTOP-OEOAVAG" failures="0" tests="1" name="testCases.TC_001_Account_Registration" time="33.867" errors="0" timestamp="2025-01-22T12:40:20 IST" skipped="0">
  <testcase classname="testCases.TC_001_Account_Registration" name="verify_Account_Registration" time="33.867"/>
</testsuite> <!-- testCases.TC_001_Account_Registration -->
